{"timestamp":"2025-07-03T18:44:54.296601","level":"info","event":"DAG bundles loaded: dags-folder","logger":"airflow.dag_processing.bundles.manager.DagBundlesManager"}
{"timestamp":"2025-07-03T18:44:54.297225","level":"info","event":"Filling up the DagBag from /opt/airflow/dags/basicDag.py","logger":"airflow.models.dagbag.DagBag"}
{"timestamp":"2025-07-03T18:44:54.559782","level":"warning","event":"No XCom value found; defaulting to None.","key":"return_value","dag_id":"time_based_demo_dag","task_id":"job_preprocessing","run_id":"manual__2025-07-03T18:44:50.023542+00:00","map_index":0,"logger":"task"}
{"timestamp":"2025-07-03T18:44:54.590238","level":"info","event":"::group::Pulling docker image python:3.9-alpine","logger":"airflow.task.operators.airflow.providers.docker.operators.docker.DockerOperator"}
{"timestamp":"2025-07-03T18:44:55.611414","level":"info","event":"3.9-alpine: Pulling from library/python","logger":"airflow.task.operators.airflow.providers.docker.operators.docker.DockerOperator"}
{"timestamp":"2025-07-03T18:44:56.781267","level":"info","event":"1155a024ecd5: Pulling fs layer","logger":"airflow.task.operators.airflow.providers.docker.operators.docker.DockerOperator"}
{"timestamp":"2025-07-03T18:44:56.781747","level":"info","event":"fe07684b16b8: Pulling fs layer","logger":"airflow.task.operators.airflow.providers.docker.operators.docker.DockerOperator"}
{"timestamp":"2025-07-03T18:44:56.781915","level":"info","event":"0c75cc4c879f: Pulling fs layer","logger":"airflow.task.operators.airflow.providers.docker.operators.docker.DockerOperator"}
{"timestamp":"2025-07-03T18:44:56.782041","level":"info","event":"7de06ff94530: Pulling fs layer","logger":"airflow.task.operators.airflow.providers.docker.operators.docker.DockerOperator"}
{"timestamp":"2025-07-03T18:44:57.004977","level":"info","event":"7de06ff94530: Downloading","logger":"airflow.task.operators.airflow.providers.docker.operators.docker.DockerOperator"}
{"timestamp":"2025-07-03T18:44:57.121376","level":"info","event":"1155a024ecd5: Downloading","logger":"airflow.task.operators.airflow.providers.docker.operators.docker.DockerOperator"}
{"timestamp":"2025-07-03T18:44:57.201786","level":"info","event":"fe07684b16b8: Downloading","logger":"airflow.task.operators.airflow.providers.docker.operators.docker.DockerOperator"}
{"timestamp":"2025-07-03T18:44:57.201986","level":"info","event":"0c75cc4c879f: Downloading","logger":"airflow.task.operators.airflow.providers.docker.operators.docker.DockerOperator"}
{"timestamp":"2025-07-03T18:44:59.402635","level":"info","event":"1155a024ecd5: Download complete","logger":"airflow.task.operators.airflow.providers.docker.operators.docker.DockerOperator"}
{"timestamp":"2025-07-03T18:44:59.403340","level":"info","event":"7de06ff94530: Download complete","logger":"airflow.task.operators.airflow.providers.docker.operators.docker.DockerOperator"}
{"timestamp":"2025-07-03T18:44:59.904170","level":"info","event":"fe07684b16b8: Download complete","logger":"airflow.task.operators.airflow.providers.docker.operators.docker.DockerOperator"}
{"timestamp":"2025-07-03T18:44:59.904612","level":"info","event":"0c75cc4c879f: Download complete","logger":"airflow.task.operators.airflow.providers.docker.operators.docker.DockerOperator"}
{"timestamp":"2025-07-03T18:44:59.915307","level":"info","event":"fe07684b16b8: Extracting","logger":"airflow.task.operators.airflow.providers.docker.operators.docker.DockerOperator"}
{"timestamp":"2025-07-03T18:45:00.106934","level":"info","event":"7de06ff94530: Extracting","logger":"airflow.task.operators.airflow.providers.docker.operators.docker.DockerOperator"}
{"timestamp":"2025-07-03T18:45:00.110528","level":"info","event":"fe07684b16b8: Pull complete","logger":"airflow.task.operators.airflow.providers.docker.operators.docker.DockerOperator"}
{"timestamp":"2025-07-03T18:45:00.307588","level":"info","event":"7de06ff94530: Pull complete","logger":"airflow.task.operators.airflow.providers.docker.operators.docker.DockerOperator"}
{"timestamp":"2025-07-03T18:45:00.308954","level":"info","event":"0c75cc4c879f: Extracting","logger":"airflow.task.operators.airflow.providers.docker.operators.docker.DockerOperator"}
{"timestamp":"2025-07-03T18:45:00.909373","level":"info","event":"1155a024ecd5: Pull complete","logger":"airflow.task.operators.airflow.providers.docker.operators.docker.DockerOperator"}
{"timestamp":"2025-07-03T18:45:00.910421","level":"info","event":"0c75cc4c879f: Pull complete","logger":"airflow.task.operators.airflow.providers.docker.operators.docker.DockerOperator"}
{"timestamp":"2025-07-03T18:45:00.937627","level":"info","event":"Digest: sha256:535a2eb2c2769d1ffe8188051b341f6b40c1afc6dc11b1b938e3c9031ca72139","logger":"airflow.task.operators.airflow.providers.docker.operators.docker.DockerOperator"}
{"timestamp":"2025-07-03T18:45:00.938083","level":"info","event":"Status: Downloaded newer image for python:3.9-alpine","logger":"airflow.task.operators.airflow.providers.docker.operators.docker.DockerOperator"}
{"timestamp":"2025-07-03T18:45:00.939542","level":"info","event":"::endgroup::","logger":"airflow.task.operators.airflow.providers.docker.operators.docker.DockerOperator"}
{"timestamp":"2025-07-03T18:45:00.939699","level":"info","event":"Starting docker container from image python:3.9-alpine","logger":"airflow.task.operators.airflow.providers.docker.operators.docker.DockerOperator"}
{"timestamp":"2025-07-03T18:45:01.172333","level":"error","event":"Task failed with exception","logger":"task","error_detail":[{"exc_type":"APIError","exc_value":"400 Client Error for http+docker://localhost/v1.49/containers/create: Bad Request (\"invalid mount config for type \"bind\": invalid mount path: '{{ ti.xcom_pull(task_ids='job_preprocessing') }}' mount path must be absolute\")","exc_notes":[],"syntax_error":null,"is_cause":false,"frames":[{"filename":"/home/airflow/.local/lib/python3.12/site-packages/airflow/sdk/execution_time/task_runner.py","lineno":867,"name":"run"},{"filename":"/home/airflow/.local/lib/python3.12/site-packages/airflow/sdk/execution_time/task_runner.py","lineno":1159,"name":"_execute_task"},{"filename":"/home/airflow/.local/lib/python3.12/site-packages/airflow/sdk/bases/operator.py","lineno":397,"name":"wrapper"},{"filename":"/home/airflow/.local/lib/python3.12/site-packages/airflow/providers/docker/operators/docker.py","lineno":492,"name":"execute"},{"filename":"/home/airflow/.local/lib/python3.12/site-packages/airflow/providers/docker/operators/docker.py","lineno":369,"name":"_run_image"},{"filename":"/home/airflow/.local/lib/python3.12/site-packages/airflow/providers/docker/operators/docker.py","lineno":384,"name":"_run_image_with_mounts"},{"filename":"/home/airflow/.local/lib/python3.12/site-packages/docker/api/container.py","lineno":440,"name":"create_container"},{"filename":"/home/airflow/.local/lib/python3.12/site-packages/docker/api/container.py","lineno":457,"name":"create_container_from_config"},{"filename":"/home/airflow/.local/lib/python3.12/site-packages/docker/api/client.py","lineno":281,"name":"_result"},{"filename":"/home/airflow/.local/lib/python3.12/site-packages/docker/api/client.py","lineno":277,"name":"_raise_for_status"},{"filename":"/home/airflow/.local/lib/python3.12/site-packages/docker/errors.py","lineno":39,"name":"create_api_error_from_http_exception"}],"is_group":false,"exceptions":[]},{"exc_type":"HTTPError","exc_value":"400 Client Error: Bad Request for url: http+docker://localhost/v1.49/containers/create","exc_notes":[],"syntax_error":null,"is_cause":true,"frames":[{"filename":"/home/airflow/.local/lib/python3.12/site-packages/docker/api/client.py","lineno":275,"name":"_raise_for_status"},{"filename":"/home/airflow/.local/lib/python3.12/site-packages/requests/models.py","lineno":1024,"name":"raise_for_status"}],"is_group":false,"exceptions":[]}]}
