{"timestamp":"2025-07-01T21:57:37.463186","level":"info","event":"DAG bundles loaded: dags-folder","logger":"airflow.dag_processing.bundles.manager.DagBundlesManager"}
{"timestamp":"2025-07-01T21:57:37.463824","level":"info","event":"Filling up the DagBag from /opt/airflow/dags/basicDag.py","logger":"airflow.models.dagbag.DagBag"}
{"timestamp":"2025-07-01T21:57:37.647040","level":"info","event":"Starting docker container from image hello-world","logger":"airflow.task.operators.airflow.providers.docker.operators.docker.DockerOperator"}
{"timestamp":"2025-07-01T21:57:37.930377","level":"info","event":"","logger":"airflow.task.operators.airflow.providers.docker.operators.docker.DockerOperator"}
{"timestamp":"2025-07-01T21:57:37.930536","level":"info","event":"Hello from Docker!","logger":"airflow.task.operators.airflow.providers.docker.operators.docker.DockerOperator"}
{"timestamp":"2025-07-01T21:57:37.930612","level":"info","event":"This message shows that your installation appears to be working correctly.","logger":"airflow.task.operators.airflow.providers.docker.operators.docker.DockerOperator"}
{"timestamp":"2025-07-01T21:57:37.930674","level":"info","event":"","logger":"airflow.task.operators.airflow.providers.docker.operators.docker.DockerOperator"}
{"timestamp":"2025-07-01T21:57:37.930731","level":"info","event":"To generate this message, Docker took the following steps:","logger":"airflow.task.operators.airflow.providers.docker.operators.docker.DockerOperator"}
{"timestamp":"2025-07-01T21:57:37.930847","level":"info","event":" 1. The Docker client contacted the Docker daemon.","logger":"airflow.task.operators.airflow.providers.docker.operators.docker.DockerOperator"}
{"timestamp":"2025-07-01T21:57:37.930933","level":"info","event":" 2. The Docker daemon pulled the \"hello-world\" image from the Docker Hub.","logger":"airflow.task.operators.airflow.providers.docker.operators.docker.DockerOperator"}
{"timestamp":"2025-07-01T21:57:37.931005","level":"info","event":"    (amd64)","logger":"airflow.task.operators.airflow.providers.docker.operators.docker.DockerOperator"}
{"timestamp":"2025-07-01T21:57:37.931059","level":"info","event":" 3. The Docker daemon created a new container from that image which runs the","logger":"airflow.task.operators.airflow.providers.docker.operators.docker.DockerOperator"}
{"timestamp":"2025-07-01T21:57:37.931111","level":"info","event":"    executable that produces the output you are currently reading.","logger":"airflow.task.operators.airflow.providers.docker.operators.docker.DockerOperator"}
{"timestamp":"2025-07-01T21:57:37.931191","level":"info","event":" 4. The Docker daemon streamed that output to the Docker client, which sent it","logger":"airflow.task.operators.airflow.providers.docker.operators.docker.DockerOperator"}
{"timestamp":"2025-07-01T21:57:37.931259","level":"info","event":"    to your terminal.","logger":"airflow.task.operators.airflow.providers.docker.operators.docker.DockerOperator"}
{"timestamp":"2025-07-01T21:57:37.931312","level":"info","event":"","logger":"airflow.task.operators.airflow.providers.docker.operators.docker.DockerOperator"}
{"timestamp":"2025-07-01T21:57:37.931392","level":"info","event":"To try something more ambitious, you can run an Ubuntu container with:","logger":"airflow.task.operators.airflow.providers.docker.operators.docker.DockerOperator"}
{"timestamp":"2025-07-01T21:57:37.931480","level":"info","event":" $ docker run -it ubuntu bash","logger":"airflow.task.operators.airflow.providers.docker.operators.docker.DockerOperator"}
{"timestamp":"2025-07-01T21:57:37.931538","level":"info","event":"","logger":"airflow.task.operators.airflow.providers.docker.operators.docker.DockerOperator"}
{"timestamp":"2025-07-01T21:57:37.931591","level":"info","event":"Share images, automate workflows, and more with a free Docker ID:","logger":"airflow.task.operators.airflow.providers.docker.operators.docker.DockerOperator"}
{"timestamp":"2025-07-01T21:57:37.931641","level":"info","event":" https://hub.docker.com/","logger":"airflow.task.operators.airflow.providers.docker.operators.docker.DockerOperator"}
{"timestamp":"2025-07-01T21:57:37.931692","level":"info","event":"","logger":"airflow.task.operators.airflow.providers.docker.operators.docker.DockerOperator"}
{"timestamp":"2025-07-01T21:57:37.931743","level":"info","event":"For more examples and ideas, visit:","logger":"airflow.task.operators.airflow.providers.docker.operators.docker.DockerOperator"}
{"timestamp":"2025-07-01T21:57:37.931914","level":"info","event":" https://docs.docker.com/get-started/","logger":"airflow.task.operators.airflow.providers.docker.operators.docker.DockerOperator"}
{"timestamp":"2025-07-01T21:57:38.096480","level":"info","event":"Pushing xcom","ti":"RuntimeTaskInstance(id=UUID('0197c7fe-8037-7b76-8879-1df0fe6f9e00'), task_id='tropo_job_group.spinup_workers', dag_id='time_based_demo_dag', run_id='manual__2025-07-01T21:57:14.408928+00:00', try_number=1, map_index=0, hostname='24cd23d964af', context_carrier={}, task=<Task(DockerOperator): tropo_job_group.spinup_workers>, bundle_instance=LocalDagBundle(name=dags-folder), max_tries=0, start_date=datetime.datetime(2025, 7, 1, 21, 57, 37, 291446, tzinfo=TzInfo(UTC)), end_date=None, state=<TaskInstanceState.RUNNING: 'running'>, is_mapped=False, rendered_map_index=None)","logger":"task"}
