{"timestamp":"2025-07-03T18:44:54.322295","level":"info","event":"DAG bundles loaded: dags-folder","logger":"airflow.dag_processing.bundles.manager.DagBundlesManager"}
{"timestamp":"2025-07-03T18:44:54.323125","level":"info","event":"Filling up the DagBag from /opt/airflow/dags/basicDag.py","logger":"airflow.models.dagbag.DagBag"}
{"timestamp":"2025-07-03T18:44:54.578366","level":"warning","event":"No XCom value found; defaulting to None.","key":"return_value","dag_id":"time_based_demo_dag","task_id":"job_preprocessing","run_id":"manual__2025-07-03T18:44:50.023542+00:00","map_index":1,"logger":"task"}
{"timestamp":"2025-07-03T18:44:54.610020","level":"info","event":"::group::Pulling docker image python:3.9-alpine","logger":"airflow.task.operators.airflow.providers.docker.operators.docker.DockerOperator"}
{"timestamp":"2025-07-03T18:44:55.619220","level":"info","event":"3.9-alpine: Pulling from library/python","logger":"airflow.task.operators.airflow.providers.docker.operators.docker.DockerOperator"}
{"timestamp":"2025-07-03T18:44:56.783894","level":"info","event":"1155a024ecd5: Pulling fs layer","logger":"airflow.task.operators.airflow.providers.docker.operators.docker.DockerOperator"}
{"timestamp":"2025-07-03T18:44:56.784127","level":"info","event":"7de06ff94530: Pulling fs layer","logger":"airflow.task.operators.airflow.providers.docker.operators.docker.DockerOperator"}
{"timestamp":"2025-07-03T18:44:56.784264","level":"info","event":"fe07684b16b8: Pulling fs layer","logger":"airflow.task.operators.airflow.providers.docker.operators.docker.DockerOperator"}
{"timestamp":"2025-07-03T18:44:56.784590","level":"info","event":"0c75cc4c879f: Pulling fs layer","logger":"airflow.task.operators.airflow.providers.docker.operators.docker.DockerOperator"}
{"timestamp":"2025-07-03T18:44:57.019983","level":"info","event":"1155a024ecd5: Downloading","logger":"airflow.task.operators.airflow.providers.docker.operators.docker.DockerOperator"}
{"timestamp":"2025-07-03T18:44:57.020112","level":"info","event":"7de06ff94530: Downloading","logger":"airflow.task.operators.airflow.providers.docker.operators.docker.DockerOperator"}
{"timestamp":"2025-07-03T18:44:57.220933","level":"info","event":"fe07684b16b8: Downloading","logger":"airflow.task.operators.airflow.providers.docker.operators.docker.DockerOperator"}
{"timestamp":"2025-07-03T18:44:57.221189","level":"info","event":"0c75cc4c879f: Downloading","logger":"airflow.task.operators.airflow.providers.docker.operators.docker.DockerOperator"}
{"timestamp":"2025-07-03T18:44:59.422283","level":"info","event":"1155a024ecd5: Download complete","logger":"airflow.task.operators.airflow.providers.docker.operators.docker.DockerOperator"}
{"timestamp":"2025-07-03T18:44:59.423657","level":"info","event":"7de06ff94530: Download complete","logger":"airflow.task.operators.airflow.providers.docker.operators.docker.DockerOperator"}
{"timestamp":"2025-07-03T18:44:59.922372","level":"info","event":"fe07684b16b8: Download complete","logger":"airflow.task.operators.airflow.providers.docker.operators.docker.DockerOperator"}
{"timestamp":"2025-07-03T18:44:59.922631","level":"info","event":"0c75cc4c879f: Download complete","logger":"airflow.task.operators.airflow.providers.docker.operators.docker.DockerOperator"}
{"timestamp":"2025-07-03T18:44:59.939716","level":"info","event":"fe07684b16b8: Extracting","logger":"airflow.task.operators.airflow.providers.docker.operators.docker.DockerOperator"}
{"timestamp":"2025-07-03T18:45:00.127328","level":"info","event":"7de06ff94530: Extracting","logger":"airflow.task.operators.airflow.providers.docker.operators.docker.DockerOperator"}
{"timestamp":"2025-07-03T18:45:00.129384","level":"info","event":"fe07684b16b8: Pull complete","logger":"airflow.task.operators.airflow.providers.docker.operators.docker.DockerOperator"}
{"timestamp":"2025-07-03T18:45:00.226108","level":"info","event":"7de06ff94530: Pull complete","logger":"airflow.task.operators.airflow.providers.docker.operators.docker.DockerOperator"}
{"timestamp":"2025-07-03T18:45:00.328444","level":"info","event":"0c75cc4c879f: Extracting","logger":"airflow.task.operators.airflow.providers.docker.operators.docker.DockerOperator"}
{"timestamp":"2025-07-03T18:45:00.923206","level":"info","event":"1155a024ecd5: Pull complete","logger":"airflow.task.operators.airflow.providers.docker.operators.docker.DockerOperator"}
{"timestamp":"2025-07-03T18:45:00.923426","level":"info","event":"0c75cc4c879f: Pull complete","logger":"airflow.task.operators.airflow.providers.docker.operators.docker.DockerOperator"}
{"timestamp":"2025-07-03T18:45:00.949078","level":"info","event":"Digest: sha256:535a2eb2c2769d1ffe8188051b341f6b40c1afc6dc11b1b938e3c9031ca72139","logger":"airflow.task.operators.airflow.providers.docker.operators.docker.DockerOperator"}
{"timestamp":"2025-07-03T18:45:00.949292","level":"info","event":"Status: Downloaded newer image for python:3.9-alpine","logger":"airflow.task.operators.airflow.providers.docker.operators.docker.DockerOperator"}
{"timestamp":"2025-07-03T18:45:00.952423","level":"info","event":"::endgroup::","logger":"airflow.task.operators.airflow.providers.docker.operators.docker.DockerOperator"}
{"timestamp":"2025-07-03T18:45:00.952878","level":"info","event":"Starting docker container from image python:3.9-alpine","logger":"airflow.task.operators.airflow.providers.docker.operators.docker.DockerOperator"}
{"timestamp":"2025-07-03T18:45:01.193472","level":"error","event":"Task failed with exception","logger":"task","error_detail":[{"exc_type":"APIError","exc_value":"400 Client Error for http+docker://localhost/v1.49/containers/create: Bad Request (\"invalid mount config for type \"bind\": invalid mount path: '{{ ti.xcom_pull(task_ids='job_preprocessing') }}' mount path must be absolute\")","exc_notes":[],"syntax_error":null,"is_cause":false,"frames":[{"filename":"/home/airflow/.local/lib/python3.12/site-packages/airflow/sdk/execution_time/task_runner.py","lineno":867,"name":"run"},{"filename":"/home/airflow/.local/lib/python3.12/site-packages/airflow/sdk/execution_time/task_runner.py","lineno":1159,"name":"_execute_task"},{"filename":"/home/airflow/.local/lib/python3.12/site-packages/airflow/sdk/bases/operator.py","lineno":397,"name":"wrapper"},{"filename":"/home/airflow/.local/lib/python3.12/site-packages/airflow/providers/docker/operators/docker.py","lineno":492,"name":"execute"},{"filename":"/home/airflow/.local/lib/python3.12/site-packages/airflow/providers/docker/operators/docker.py","lineno":369,"name":"_run_image"},{"filename":"/home/airflow/.local/lib/python3.12/site-packages/airflow/providers/docker/operators/docker.py","lineno":384,"name":"_run_image_with_mounts"},{"filename":"/home/airflow/.local/lib/python3.12/site-packages/docker/api/container.py","lineno":440,"name":"create_container"},{"filename":"/home/airflow/.local/lib/python3.12/site-packages/docker/api/container.py","lineno":457,"name":"create_container_from_config"},{"filename":"/home/airflow/.local/lib/python3.12/site-packages/docker/api/client.py","lineno":281,"name":"_result"},{"filename":"/home/airflow/.local/lib/python3.12/site-packages/docker/api/client.py","lineno":277,"name":"_raise_for_status"},{"filename":"/home/airflow/.local/lib/python3.12/site-packages/docker/errors.py","lineno":39,"name":"create_api_error_from_http_exception"}],"is_group":false,"exceptions":[]},{"exc_type":"HTTPError","exc_value":"400 Client Error: Bad Request for url: http+docker://localhost/v1.49/containers/create","exc_notes":[],"syntax_error":null,"is_cause":true,"frames":[{"filename":"/home/airflow/.local/lib/python3.12/site-packages/docker/api/client.py","lineno":275,"name":"_raise_for_status"},{"filename":"/home/airflow/.local/lib/python3.12/site-packages/requests/models.py","lineno":1024,"name":"raise_for_status"}],"is_group":false,"exceptions":[]}]}
